app/build/intermediates/manifest_merge_blame_file/debug/processDebugMainManifest/manifest-merger-blame-debug-report.txt
1<?xml version="1.0" encoding="utf-8"?>
2<manifest xmlns:android="http://schemas.android.com/apk/res/android"
3    package="com.example.eskuvoihelyszinlefoglaloapp"
4    android:versionCode="1"
5    android:versionName="1.0" >
6
7    <uses-sdk
8        android:minSdkVersion="31"
9        android:targetSdkVersion="35" />
10
11    <uses-permission android:name="android.permission.POST_NOTIFICATIONS" />
11-->src\main\AndroidManifest.xml:7:5-77
11-->src\main\AndroidManifest.xml:7:22-74
12    <uses-permission android:name="android.permission.RECEIVE_BOOT_COMPLETED" />
12-->src\main\AndroidManifest.xml:8:5-81
12-->src\main\AndroidManifest.xml:8:22-78
13    <uses-permission android:name="android.permission.SCHEDULE_EXACT_ALARM" />
13-->src\main\AndroidManifest.xml:9:5-78
13-->src\main\AndroidManifest.xml:9:22-76
14    <uses-permission android:name="android.permission.ACCESS_FINE_LOCATION" />
14-->src\main\AndroidManifest.xml:10:5-78
14-->src\main\AndroidManifest.xml:10:22-76
15    <uses-permission android:name="android.permission.ACCESS_COARSE_LOCATION" />
15-->src\main\AndroidManifest.xml:11:5-80
15-->src\main\AndroidManifest.xml:11:22-78
16
17    <uses-feature
17-->src\main\AndroidManifest.xml:12:5-84
18        android:name="android.hardware.camera"
18-->src\main\AndroidManifest.xml:12:19-57
19        android:required="false" />
19-->src\main\AndroidManifest.xml:12:58-82
20
21    <uses-permission android:name="android.permission.CAMERA" />
21-->src\main\AndroidManifest.xml:13:5-64
21-->src\main\AndroidManifest.xml:13:22-62
22    <uses-permission android:name="android.permission.READ_EXTERNAL_STORAGE" />
22-->src\main\AndroidManifest.xml:14:5-79
22-->src\main\AndroidManifest.xml:14:22-77
23    <uses-permission android:name="android.permission.WRITE_EXTERNAL_STORAGE" />
23-->src\main\AndroidManifest.xml:15:5-80
23-->src\main\AndroidManifest.xml:15:22-78
24    <uses-permission android:name="android.permission.INTERNET" />
24-->[com.google.firebase:firebase-auth:23.2.0] AndroidManifest.xml:25:5-67
24-->[com.google.firebase:firebase-auth:23.2.0] AndroidManifest.xml:25:22-64
25    <uses-permission android:name="android.permission.ACCESS_NETWORK_STATE" />
25-->[com.google.firebase:firebase-auth:23.2.0] AndroidManifest.xml:26:5-79
25-->[com.google.firebase:firebase-auth:23.2.0] AndroidManifest.xml:26:22-76
26    <uses-permission android:name="android.permission.WAKE_LOCK" />
26-->[com.google.android.gms:play-services-measurement-api:22.4.0] AndroidManifest.xml:24:5-68
26-->[com.google.android.gms:play-services-measurement-api:22.4.0] AndroidManifest.xml:24:22-65
27    <uses-permission android:name="com.google.android.gms.permission.AD_ID" />
27-->[com.google.android.gms:play-services-measurement-api:22.4.0] AndroidManifest.xml:25:5-79
27-->[com.google.android.gms:play-services-measurement-api:22.4.0] AndroidManifest.xml:25:22-76
28    <uses-permission android:name="android.permission.ACCESS_ADSERVICES_ATTRIBUTION" />
28-->[com.google.android.gms:play-services-measurement-api:22.4.0] AndroidManifest.xml:26:5-88
28-->[com.google.android.gms:play-services-measurement-api:22.4.0] AndroidManifest.xml:26:22-85
29    <uses-permission android:name="android.permission.ACCESS_ADSERVICES_AD_ID" />
29-->[com.google.android.gms:play-services-measurement-api:22.4.0] AndroidManifest.xml:27:5-82
29-->[com.google.android.gms:play-services-measurement-api:22.4.0] AndroidManifest.xml:27:22-79
30    <uses-permission android:name="com.google.android.finsky.permission.BIND_GET_INSTALL_REFERRER_SERVICE" />
30-->[com.google.android.gms:play-services-measurement:22.4.0] AndroidManifest.xml:26:5-110
30-->[com.google.android.gms:play-services-measurement:22.4.0] AndroidManifest.xml:26:22-107
31    <uses-permission android:name="com.google.android.providers.gsf.permission.READ_GSERVICES" />
31-->[com.google.android.recaptcha:recaptcha:18.6.1] AndroidManifest.xml:9:5-98
31-->[com.google.android.recaptcha:recaptcha:18.6.1] AndroidManifest.xml:9:22-95
32
33    <permission
33-->[androidx.core:core:1.13.0] AndroidManifest.xml:22:5-24:47
34        android:name="com.example.eskuvoihelyszinlefoglaloapp.DYNAMIC_RECEIVER_NOT_EXPORTED_PERMISSION"
34-->[androidx.core:core:1.13.0] AndroidManifest.xml:23:9-81
35        android:protectionLevel="signature" />
35-->[androidx.core:core:1.13.0] AndroidManifest.xml:24:9-44
36
37    <uses-permission android:name="com.example.eskuvoihelyszinlefoglaloapp.DYNAMIC_RECEIVER_NOT_EXPORTED_PERMISSION" />
37-->[androidx.core:core:1.13.0] AndroidManifest.xml:26:5-97
37-->[androidx.core:core:1.13.0] AndroidManifest.xml:26:22-94
38
39    <application
39-->src\main\AndroidManifest.xml:17:5-48:19
40        android:allowBackup="true"
40-->src\main\AndroidManifest.xml:18:9-35
41        android:appComponentFactory="androidx.core.app.CoreComponentFactory"
41-->[androidx.core:core:1.13.0] AndroidManifest.xml:28:18-86
42        android:dataExtractionRules="@xml/data_extraction_rules"
42-->src\main\AndroidManifest.xml:19:9-65
43        android:debuggable="true"
44        android:extractNativeLibs="false"
45        android:fullBackupContent="@xml/backup_rules"
45-->src\main\AndroidManifest.xml:20:9-54
46        android:icon="@mipmap/ic_launcher"
46-->src\main\AndroidManifest.xml:21:9-43
47        android:label="@string/app_name"
47-->src\main\AndroidManifest.xml:22:9-41
48        android:roundIcon="@mipmap/ic_launcher_round"
48-->src\main\AndroidManifest.xml:23:9-54
49        android:supportsRtl="true"
49-->src\main\AndroidManifest.xml:24:9-35
50        android:testOnly="true"
51        android:theme="@style/Theme.EskuvoiHelyszinlefoglaloApp" >
51-->src\main\AndroidManifest.xml:25:9-65
52        <activity
52-->src\main\AndroidManifest.xml:28:9-34:20
53            android:name="com.example.eskuvoihelyszinlefoglaloapp.MainActivity"
53-->src\main\AndroidManifest.xml:28:19-47
54            android:exported="true" >
54-->src\main\AndroidManifest.xml:29:13-36
55            <intent-filter>
55-->src\main\AndroidManifest.xml:30:13-33:29
56                <action android:name="android.intent.action.MAIN" />
56-->src\main\AndroidManifest.xml:31:17-69
56-->src\main\AndroidManifest.xml:31:25-66
57
58                <category android:name="android.intent.category.LAUNCHER" />
58-->src\main\AndroidManifest.xml:32:17-76
58-->src\main\AndroidManifest.xml:32:27-74
59            </intent-filter>
60        </activity>
61        <activity android:name="com.example.eskuvoihelyszinlefoglaloapp.loginActivity" />
61-->src\main\AndroidManifest.xml:36:9-51
61-->src\main\AndroidManifest.xml:36:19-48
62        <activity android:name="com.example.eskuvoihelyszinlefoglaloapp.RegisterActivity" />
62-->src\main\AndroidManifest.xml:37:9-54
62-->src\main\AndroidManifest.xml:37:19-51
63        <activity android:name="com.example.eskuvoihelyszinlefoglaloapp.VenueActivity" />
63-->src\main\AndroidManifest.xml:38:9-51
63-->src\main\AndroidManifest.xml:38:19-48
64        <activity android:name="com.example.eskuvoihelyszinlefoglaloapp.BookingActivity" />
64-->src\main\AndroidManifest.xml:39:9-53
64-->src\main\AndroidManifest.xml:39:19-50
65        <activity android:name="com.example.eskuvoihelyszinlefoglaloapp.VenueCreationActivity" />
65-->src\main\AndroidManifest.xml:40:9-59
65-->src\main\AndroidManifest.xml:40:19-56
66        <activity android:name="com.example.eskuvoihelyszinlefoglaloapp.MyBookingsActivity" />
66-->src\main\AndroidManifest.xml:41:9-56
66-->src\main\AndroidManifest.xml:41:19-53
67        <activity android:name="com.example.eskuvoihelyszinlefoglaloapp.UserVenuesActivity" />
67-->src\main\AndroidManifest.xml:42:9-56
67-->src\main\AndroidManifest.xml:42:19-53
68        <activity android:name="com.example.eskuvoihelyszinlefoglaloapp.VenueEditActivity" />
68-->src\main\AndroidManifest.xml:43:9-54
68-->src\main\AndroidManifest.xml:43:19-52
69
70        <receiver android:name="com.example.eskuvoihelyszinlefoglaloapp.AlarmReceiver" />
70-->src\main\AndroidManifest.xml:44:9-50
70-->src\main\AndroidManifest.xml:44:19-48
71
72        <service
72-->src\main\AndroidManifest.xml:45:9-46:71
73            android:name="com.example.eskuvoihelyszinlefoglaloapp.MyJobService"
73-->src\main\AndroidManifest.xml:45:18-46
74            android:permission="android.permission.BIND_JOB_SERVICE" />
74-->src\main\AndroidManifest.xml:46:13-69
75
76        <activity
76-->[com.google.firebase:firebase-auth:23.2.0] AndroidManifest.xml:29:9-46:20
77            android:name="com.google.firebase.auth.internal.GenericIdpActivity"
77-->[com.google.firebase:firebase-auth:23.2.0] AndroidManifest.xml:30:13-80
78            android:excludeFromRecents="true"
78-->[com.google.firebase:firebase-auth:23.2.0] AndroidManifest.xml:31:13-46
79            android:exported="true"
79-->[com.google.firebase:firebase-auth:23.2.0] AndroidManifest.xml:32:13-36
80            android:launchMode="singleTask"
80-->[com.google.firebase:firebase-auth:23.2.0] AndroidManifest.xml:33:13-44
81            android:theme="@android:style/Theme.Translucent.NoTitleBar" >
81-->[com.google.firebase:firebase-auth:23.2.0] AndroidManifest.xml:34:13-72
82            <intent-filter>
82-->[com.google.firebase:firebase-auth:23.2.0] AndroidManifest.xml:35:13-45:29
83                <action android:name="android.intent.action.VIEW" />
83-->[com.google.firebase:firebase-auth:23.2.0] AndroidManifest.xml:36:17-69
83-->[com.google.firebase:firebase-auth:23.2.0] AndroidManifest.xml:36:25-66
84
85                <category android:name="android.intent.category.DEFAULT" />
85-->[com.google.firebase:firebase-auth:23.2.0] AndroidManifest.xml:38:17-76
85-->[com.google.firebase:firebase-auth:23.2.0] AndroidManifest.xml:38:27-73
86                <category android:name="android.intent.category.BROWSABLE" />
86-->[com.google.firebase:firebase-auth:23.2.0] AndroidManifest.xml:39:17-78
86-->[com.google.firebase:firebase-auth:23.2.0] AndroidManifest.xml:39:27-75
87
88                <data
88-->[com.google.firebase:firebase-auth:23.2.0] AndroidManifest.xml:41:17-44:51
89                    android:host="firebase.auth"
89-->[com.google.firebase:firebase-auth:23.2.0] AndroidManifest.xml:42:21-49
90                    android:path="/"
90-->[com.google.firebase:firebase-auth:23.2.0] AndroidManifest.xml:43:21-37
91                    android:scheme="genericidp" />
91-->[com.google.firebase:firebase-auth:23.2.0] AndroidManifest.xml:44:21-48
92            </intent-filter>
93        </activity>
94        <activity
94-->[com.google.firebase:firebase-auth:23.2.0] AndroidManifest.xml:47:9-64:20
95            android:name="com.google.firebase.auth.internal.RecaptchaActivity"
95-->[com.google.firebase:firebase-auth:23.2.0] AndroidManifest.xml:48:13-79
96            android:excludeFromRecents="true"
96-->[com.google.firebase:firebase-auth:23.2.0] AndroidManifest.xml:49:13-46
97            android:exported="true"
97-->[com.google.firebase:firebase-auth:23.2.0] AndroidManifest.xml:50:13-36
98            android:launchMode="singleTask"
98-->[com.google.firebase:firebase-auth:23.2.0] AndroidManifest.xml:51:13-44
99            android:theme="@android:style/Theme.Translucent.NoTitleBar" >
99-->[com.google.firebase:firebase-auth:23.2.0] AndroidManifest.xml:52:13-72
100            <intent-filter>
100-->[com.google.firebase:firebase-auth:23.2.0] AndroidManifest.xml:53:13-63:29
101                <action android:name="android.intent.action.VIEW" />
101-->[com.google.firebase:firebase-auth:23.2.0] AndroidManifest.xml:36:17-69
101-->[com.google.firebase:firebase-auth:23.2.0] AndroidManifest.xml:36:25-66
102
103                <category android:name="android.intent.category.DEFAULT" />
103-->[com.google.firebase:firebase-auth:23.2.0] AndroidManifest.xml:38:17-76
103-->[com.google.firebase:firebase-auth:23.2.0] AndroidManifest.xml:38:27-73
104                <category android:name="android.intent.category.BROWSABLE" />
104-->[com.google.firebase:firebase-auth:23.2.0] AndroidManifest.xml:39:17-78
104-->[com.google.firebase:firebase-auth:23.2.0] AndroidManifest.xml:39:27-75
105
106                <data
106-->[com.google.firebase:firebase-auth:23.2.0] AndroidManifest.xml:41:17-44:51
107                    android:host="firebase.auth"
107-->[com.google.firebase:firebase-auth:23.2.0] AndroidManifest.xml:42:21-49
108                    android:path="/"
108-->[com.google.firebase:firebase-auth:23.2.0] AndroidManifest.xml:43:21-37
109                    android:scheme="recaptcha" />
109-->[com.google.firebase:firebase-auth:23.2.0] AndroidManifest.xml:44:21-48
110            </intent-filter>
111        </activity>
112
113        <service
113-->[com.google.firebase:firebase-auth:23.2.0] AndroidManifest.xml:66:9-72:19
114            android:name="com.google.firebase.components.ComponentDiscoveryService"
114-->[com.google.firebase:firebase-auth:23.2.0] AndroidManifest.xml:67:13-84
115            android:directBootAware="true"
115-->[com.google.firebase:firebase-common:21.0.0] AndroidManifest.xml:32:13-43
116            android:exported="false" >
116-->[com.google.firebase:firebase-auth:23.2.0] AndroidManifest.xml:68:13-37
117            <meta-data
117-->[com.google.firebase:firebase-auth:23.2.0] AndroidManifest.xml:69:13-71:85
118                android:name="com.google.firebase.components:com.google.firebase.auth.FirebaseAuthRegistrar"
118-->[com.google.firebase:firebase-auth:23.2.0] AndroidManifest.xml:70:17-109
119                android:value="com.google.firebase.components.ComponentRegistrar" />
119-->[com.google.firebase:firebase-auth:23.2.0] AndroidManifest.xml:71:17-82
120            <meta-data
120-->[com.google.firebase:firebase-firestore:25.1.4] AndroidManifest.xml:17:13-19:85
121                android:name="com.google.firebase.components:com.google.firebase.firestore.FirebaseFirestoreKtxRegistrar"
121-->[com.google.firebase:firebase-firestore:25.1.4] AndroidManifest.xml:18:17-122
122                android:value="com.google.firebase.components.ComponentRegistrar" />
122-->[com.google.firebase:firebase-firestore:25.1.4] AndroidManifest.xml:19:17-82
123            <meta-data
123-->[com.google.firebase:firebase-firestore:25.1.4] AndroidManifest.xml:20:13-22:85
124                android:name="com.google.firebase.components:com.google.firebase.firestore.FirestoreRegistrar"
124-->[com.google.firebase:firebase-firestore:25.1.4] AndroidManifest.xml:21:17-111
125                android:value="com.google.firebase.components.ComponentRegistrar" />
125-->[com.google.firebase:firebase-firestore:25.1.4] AndroidManifest.xml:22:17-82
126            <meta-data
126-->[com.google.android.gms:play-services-measurement-api:22.4.0] AndroidManifest.xml:33:13-35:85
127                android:name="com.google.firebase.components:com.google.firebase.analytics.connector.internal.AnalyticsConnectorRegistrar"
127-->[com.google.android.gms:play-services-measurement-api:22.4.0] AndroidManifest.xml:34:17-139
128                android:value="com.google.firebase.components.ComponentRegistrar" />
128-->[com.google.android.gms:play-services-measurement-api:22.4.0] AndroidManifest.xml:35:17-82
129            <meta-data
129-->[com.google.firebase:firebase-installations:18.0.0] AndroidManifest.xml:15:13-17:85
130                android:name="com.google.firebase.components:com.google.firebase.installations.FirebaseInstallationsKtxRegistrar"
130-->[com.google.firebase:firebase-installations:18.0.0] AndroidManifest.xml:16:17-130
131                android:value="com.google.firebase.components.ComponentRegistrar" />
131-->[com.google.firebase:firebase-installations:18.0.0] AndroidManifest.xml:17:17-82
132            <meta-data
132-->[com.google.firebase:firebase-installations:18.0.0] AndroidManifest.xml:18:13-20:85
133                android:name="com.google.firebase.components:com.google.firebase.installations.FirebaseInstallationsRegistrar"
133-->[com.google.firebase:firebase-installations:18.0.0] AndroidManifest.xml:19:17-127
134                android:value="com.google.firebase.components.ComponentRegistrar" />
134-->[com.google.firebase:firebase-installations:18.0.0] AndroidManifest.xml:20:17-82
135            <meta-data
135-->[com.google.firebase:firebase-common-ktx:21.0.0] AndroidManifest.xml:12:13-14:85
136                android:name="com.google.firebase.components:com.google.firebase.ktx.FirebaseCommonLegacyRegistrar"
136-->[com.google.firebase:firebase-common-ktx:21.0.0] AndroidManifest.xml:13:17-116
137                android:value="com.google.firebase.components.ComponentRegistrar" />
137-->[com.google.firebase:firebase-common-ktx:21.0.0] AndroidManifest.xml:14:17-82
138            <meta-data
138-->[com.google.firebase:firebase-common:21.0.0] AndroidManifest.xml:35:13-37:85
139                android:name="com.google.firebase.components:com.google.firebase.FirebaseCommonKtxRegistrar"
139-->[com.google.firebase:firebase-common:21.0.0] AndroidManifest.xml:36:17-109
140                android:value="com.google.firebase.components.ComponentRegistrar" />
140-->[com.google.firebase:firebase-common:21.0.0] AndroidManifest.xml:37:17-82
141        </service>
142        <service
142-->[androidx.credentials:credentials-play-services-auth:1.2.0-rc01] AndroidManifest.xml:24:9-32:19
143            android:name="androidx.credentials.playservices.CredentialProviderMetadataHolder"
143-->[androidx.credentials:credentials-play-services-auth:1.2.0-rc01] AndroidManifest.xml:25:13-94
144            android:enabled="true"
144-->[androidx.credentials:credentials-play-services-auth:1.2.0-rc01] AndroidManifest.xml:26:13-35
145            android:exported="false" >
145-->[androidx.credentials:credentials-play-services-auth:1.2.0-rc01] AndroidManifest.xml:27:13-37
146            <meta-data
146-->[androidx.credentials:credentials-play-services-auth:1.2.0-rc01] AndroidManifest.xml:29:13-31:104
147                android:name="androidx.credentials.CREDENTIAL_PROVIDER_KEY"
147-->[androidx.credentials:credentials-play-services-auth:1.2.0-rc01] AndroidManifest.xml:30:17-76
148                android:value="androidx.credentials.playservices.CredentialProviderPlayServicesImpl" />
148-->[androidx.credentials:credentials-play-services-auth:1.2.0-rc01] AndroidManifest.xml:31:17-101
149        </service>
150
151        <activity
151-->[androidx.credentials:credentials-play-services-auth:1.2.0-rc01] AndroidManifest.xml:34:9-41:20
152            android:name="androidx.credentials.playservices.HiddenActivity"
152-->[androidx.credentials:credentials-play-services-auth:1.2.0-rc01] AndroidManifest.xml:35:13-76
153            android:configChanges="orientation|screenSize|screenLayout|keyboardHidden"
153-->[androidx.credentials:credentials-play-services-auth:1.2.0-rc01] AndroidManifest.xml:36:13-87
154            android:enabled="true"
154-->[androidx.credentials:credentials-play-services-auth:1.2.0-rc01] AndroidManifest.xml:37:13-35
155            android:exported="false"
155-->[androidx.credentials:credentials-play-services-auth:1.2.0-rc01] AndroidManifest.xml:38:13-37
156            android:fitsSystemWindows="true"
156-->[androidx.credentials:credentials-play-services-auth:1.2.0-rc01] AndroidManifest.xml:39:13-45
157            android:theme="@style/Theme.Hidden" >
157-->[androidx.credentials:credentials-play-services-auth:1.2.0-rc01] AndroidManifest.xml:40:13-48
158        </activity>
159        <activity
159-->[com.google.android.gms:play-services-auth:20.7.0] AndroidManifest.xml:23:9-27:75
160            android:name="com.google.android.gms.auth.api.signin.internal.SignInHubActivity"
160-->[com.google.android.gms:play-services-auth:20.7.0] AndroidManifest.xml:24:13-93
161            android:excludeFromRecents="true"
161-->[com.google.android.gms:play-services-auth:20.7.0] AndroidManifest.xml:25:13-46
162            android:exported="false"
162-->[com.google.android.gms:play-services-auth:20.7.0] AndroidManifest.xml:26:13-37
163            android:theme="@android:style/Theme.Translucent.NoTitleBar" />
163-->[com.google.android.gms:play-services-auth:20.7.0] AndroidManifest.xml:27:13-72
164        <!--
165            Service handling Google Sign-In user revocation. For apps that do not integrate with
166            Google Sign-In, this service will never be started.
167        -->
168        <service
168-->[com.google.android.gms:play-services-auth:20.7.0] AndroidManifest.xml:33:9-37:51
169            android:name="com.google.android.gms.auth.api.signin.RevocationBoundService"
169-->[com.google.android.gms:play-services-auth:20.7.0] AndroidManifest.xml:34:13-89
170            android:exported="true"
170-->[com.google.android.gms:play-services-auth:20.7.0] AndroidManifest.xml:35:13-36
171            android:permission="com.google.android.gms.auth.api.signin.permission.REVOCATION_NOTIFICATION"
171-->[com.google.android.gms:play-services-auth:20.7.0] AndroidManifest.xml:36:13-107
172            android:visibleToInstantApps="true" />
172-->[com.google.android.gms:play-services-auth:20.7.0] AndroidManifest.xml:37:13-48
173
174        <provider
174-->[com.google.firebase:firebase-common:21.0.0] AndroidManifest.xml:23:9-28:39
175            android:name="com.google.firebase.provider.FirebaseInitProvider"
175-->[com.google.firebase:firebase-common:21.0.0] AndroidManifest.xml:24:13-77
176            android:authorities="com.example.eskuvoihelyszinlefoglaloapp.firebaseinitprovider"
176-->[com.google.firebase:firebase-common:21.0.0] AndroidManifest.xml:25:13-72
177            android:directBootAware="true"
177-->[com.google.firebase:firebase-common:21.0.0] AndroidManifest.xml:26:13-43
178            android:exported="false"
178-->[com.google.firebase:firebase-common:21.0.0] AndroidManifest.xml:27:13-37
179            android:initOrder="100" />
179-->[com.google.firebase:firebase-common:21.0.0] AndroidManifest.xml:28:13-36
180
181        <receiver
181-->[com.google.android.gms:play-services-measurement:22.4.0] AndroidManifest.xml:29:9-33:20
182            android:name="com.google.android.gms.measurement.AppMeasurementReceiver"
182-->[com.google.android.gms:play-services-measurement:22.4.0] AndroidManifest.xml:30:13-85
183            android:enabled="true"
183-->[com.google.android.gms:play-services-measurement:22.4.0] AndroidManifest.xml:31:13-35
184            android:exported="false" >
184-->[com.google.android.gms:play-services-measurement:22.4.0] AndroidManifest.xml:32:13-37
185        </receiver>
186
187        <service
187-->[com.google.android.gms:play-services-measurement:22.4.0] AndroidManifest.xml:35:9-38:40
188            android:name="com.google.android.gms.measurement.AppMeasurementService"
188-->[com.google.android.gms:play-services-measurement:22.4.0] AndroidManifest.xml:36:13-84
189            android:enabled="true"
189-->[com.google.android.gms:play-services-measurement:22.4.0] AndroidManifest.xml:37:13-35
190            android:exported="false" />
190-->[com.google.android.gms:play-services-measurement:22.4.0] AndroidManifest.xml:38:13-37
191        <service
191-->[com.google.android.gms:play-services-measurement:22.4.0] AndroidManifest.xml:39:9-43:72
192            android:name="com.google.android.gms.measurement.AppMeasurementJobService"
192-->[com.google.android.gms:play-services-measurement:22.4.0] AndroidManifest.xml:40:13-87
193            android:enabled="true"
193-->[com.google.android.gms:play-services-measurement:22.4.0] AndroidManifest.xml:41:13-35
194            android:exported="false"
194-->[com.google.android.gms:play-services-measurement:22.4.0] AndroidManifest.xml:42:13-37
195            android:permission="android.permission.BIND_JOB_SERVICE" />
195-->[com.google.android.gms:play-services-measurement:22.4.0] AndroidManifest.xml:43:13-69
196
197        <activity
197-->[com.google.android.gms:play-services-base:18.5.0] AndroidManifest.xml:5:9-173
198            android:name="com.google.android.gms.common.api.GoogleApiActivity"
198-->[com.google.android.gms:play-services-base:18.5.0] AndroidManifest.xml:5:19-85
199            android:exported="false"
199-->[com.google.android.gms:play-services-base:18.5.0] AndroidManifest.xml:5:146-170
200            android:theme="@android:style/Theme.Translucent.NoTitleBar" />
200-->[com.google.android.gms:play-services-base:18.5.0] AndroidManifest.xml:5:86-145
201
202        <uses-library
202-->[androidx.privacysandbox.ads:ads-adservices:1.1.0-beta11] AndroidManifest.xml:23:9-25:40
203            android:name="android.ext.adservices"
203-->[androidx.privacysandbox.ads:ads-adservices:1.1.0-beta11] AndroidManifest.xml:24:13-50
204            android:required="false" />
204-->[androidx.privacysandbox.ads:ads-adservices:1.1.0-beta11] AndroidManifest.xml:25:13-37
205
206        <provider
206-->[androidx.emoji2:emoji2:1.3.0] AndroidManifest.xml:24:9-32:20
207            android:name="androidx.startup.InitializationProvider"
207-->[androidx.emoji2:emoji2:1.3.0] AndroidManifest.xml:25:13-67
208            android:authorities="com.example.eskuvoihelyszinlefoglaloapp.androidx-startup"
208-->[androidx.emoji2:emoji2:1.3.0] AndroidManifest.xml:26:13-68
209            android:exported="false" >
209-->[androidx.emoji2:emoji2:1.3.0] AndroidManifest.xml:27:13-37
210            <meta-data
210-->[androidx.emoji2:emoji2:1.3.0] AndroidManifest.xml:29:13-31:52
211                android:name="androidx.emoji2.text.EmojiCompatInitializer"
211-->[androidx.emoji2:emoji2:1.3.0] AndroidManifest.xml:30:17-75
212                android:value="androidx.startup" />
212-->[androidx.emoji2:emoji2:1.3.0] AndroidManifest.xml:31:17-49
213            <meta-data
213-->[androidx.lifecycle:lifecycle-process:2.6.2] AndroidManifest.xml:29:13-31:52
214                android:name="androidx.lifecycle.ProcessLifecycleInitializer"
214-->[androidx.lifecycle:lifecycle-process:2.6.2] AndroidManifest.xml:30:17-78
215                android:value="androidx.startup" />
215-->[androidx.lifecycle:lifecycle-process:2.6.2] AndroidManifest.xml:31:17-49
216            <meta-data
216-->[androidx.profileinstaller:profileinstaller:1.3.1] AndroidManifest.xml:29:13-31:52
217                android:name="androidx.profileinstaller.ProfileInstallerInitializer"
217-->[androidx.profileinstaller:profileinstaller:1.3.1] AndroidManifest.xml:30:17-85
218                android:value="androidx.startup" />
218-->[androidx.profileinstaller:profileinstaller:1.3.1] AndroidManifest.xml:31:17-49
219        </provider>
220
221        <meta-data
221-->[com.google.android.gms:play-services-basement:18.5.0] AndroidManifest.xml:21:9-23:69
222            android:name="com.google.android.gms.version"
222-->[com.google.android.gms:play-services-basement:18.5.0] AndroidManifest.xml:22:13-58
223            android:value="@integer/google_play_services_version" />
223-->[com.google.android.gms:play-services-basement:18.5.0] AndroidManifest.xml:23:13-66
224
225        <receiver
225-->[androidx.profileinstaller:profileinstaller:1.3.1] AndroidManifest.xml:34:9-52:20
226            android:name="androidx.profileinstaller.ProfileInstallReceiver"
226-->[androidx.profileinstaller:profileinstaller:1.3.1] AndroidManifest.xml:35:13-76
227            android:directBootAware="false"
227-->[androidx.profileinstaller:profileinstaller:1.3.1] AndroidManifest.xml:36:13-44
228            android:enabled="true"
228-->[androidx.profileinstaller:profileinstaller:1.3.1] AndroidManifest.xml:37:13-35
229            android:exported="true"
229-->[androidx.profileinstaller:profileinstaller:1.3.1] AndroidManifest.xml:38:13-36
230            android:permission="android.permission.DUMP" >
230-->[androidx.profileinstaller:profileinstaller:1.3.1] AndroidManifest.xml:39:13-57
231            <intent-filter>
231-->[androidx.profileinstaller:profileinstaller:1.3.1] AndroidManifest.xml:40:13-42:29
232                <action android:name="androidx.profileinstaller.action.INSTALL_PROFILE" />
232-->[androidx.profileinstaller:profileinstaller:1.3.1] AndroidManifest.xml:41:17-91
232-->[androidx.profileinstaller:profileinstaller:1.3.1] AndroidManifest.xml:41:25-88
233            </intent-filter>
234            <intent-filter>
234-->[androidx.profileinstaller:profileinstaller:1.3.1] AndroidManifest.xml:43:13-45:29
235                <action android:name="androidx.profileinstaller.action.SKIP_FILE" />
235-->[androidx.profileinstaller:profileinstaller:1.3.1] AndroidManifest.xml:44:17-85
235-->[androidx.profileinstaller:profileinstaller:1.3.1] AndroidManifest.xml:44:25-82
236            </intent-filter>
237            <intent-filter>
237-->[androidx.profileinstaller:profileinstaller:1.3.1] AndroidManifest.xml:46:13-48:29
238                <action android:name="androidx.profileinstaller.action.SAVE_PROFILE" />
238-->[androidx.profileinstaller:profileinstaller:1.3.1] AndroidManifest.xml:47:17-88
238-->[androidx.profileinstaller:profileinstaller:1.3.1] AndroidManifest.xml:47:25-85
239            </intent-filter>
240            <intent-filter>
240-->[androidx.profileinstaller:profileinstaller:1.3.1] AndroidManifest.xml:49:13-51:29
241                <action android:name="androidx.profileinstaller.action.BENCHMARK_OPERATION" />
241-->[androidx.profileinstaller:profileinstaller:1.3.1] AndroidManifest.xml:50:17-95
241-->[androidx.profileinstaller:profileinstaller:1.3.1] AndroidManifest.xml:50:25-92
242            </intent-filter>
243        </receiver> <!-- The activities will be merged into the manifest of the hosting app. -->
244        <activity
244-->[com.google.android.play:core-common:2.0.3] AndroidManifest.xml:14:9-18:65
245            android:name="com.google.android.play.core.common.PlayCoreDialogWrapperActivity"
245-->[com.google.android.play:core-common:2.0.3] AndroidManifest.xml:15:13-93
246            android:exported="false"
246-->[com.google.android.play:core-common:2.0.3] AndroidManifest.xml:16:13-37
247            android:stateNotNeeded="true"
247-->[com.google.android.play:core-common:2.0.3] AndroidManifest.xml:17:13-42
248            android:theme="@style/Theme.PlayCore.Transparent" />